proguard/seeds.txt
com.yujunkang.fangxinbao.R$anim
com.yujunkang.fangxinbao.R$anim: int along_the_up_arrow
com.yujunkang.fangxinbao.R$anim: int anim_righttoleft
com.yujunkang.fangxinbao.R$anim: int fade_attention
com.yujunkang.fangxinbao.R$anim: int fade_visible
com.yujunkang.fangxinbao.R$anim: int loading_progress
com.yujunkang.fangxinbao.R$anim: int no_change
com.yujunkang.fangxinbao.R$anim: int popup_down_enter
com.yujunkang.fangxinbao.R$anim: int popup_down_exit
com.yujunkang.fangxinbao.R$anim: int popup_enter
com.yujunkang.fangxinbao.R$anim: int popup_exit
com.yujunkang.fangxinbao.R$anim: int popup_full_enter
com.yujunkang.fangxinbao.R$anim: int popup_full_out
com.yujunkang.fangxinbao.R$anim: int popup_up_enter
com.yujunkang.fangxinbao.R$anim: int push_adown_in
com.yujunkang.fangxinbao.R$anim: int push_adown_out
com.yujunkang.fangxinbao.R$anim: int push_down_in
com.yujunkang.fangxinbao.R$anim: int push_down_out
com.yujunkang.fangxinbao.R$anim: int push_up_in
com.yujunkang.fangxinbao.R$anim: int push_up_in_search
com.yujunkang.fangxinbao.R$anim: int push_up_out
com.yujunkang.fangxinbao.R$anim: int push_up_out_search
com.yujunkang.fangxinbao.R$anim: int push_up_out_share
com.yujunkang.fangxinbao.R$anim: int scale_attention
com.yujunkang.fangxinbao.R$anim: int scan_prompt_ani_in
com.yujunkang.fangxinbao.R$anim: int scan_prompt_ani_out
com.yujunkang.fangxinbao.R$anim: int slide_in_from_bottom
com.yujunkang.fangxinbao.R$anim: int slide_in_from_right
com.yujunkang.fangxinbao.R$array
com.yujunkang.fangxinbao.R$array: int choosephotos
com.yujunkang.fangxinbao.R$array: int languages
com.yujunkang.fangxinbao.R$array: R$array()
com.yujunkang.fangxinbao.R$attr
com.yujunkang.fangxinbao.R$attr: int backgroundImage
com.yujunkang.fangxinbao.R$attr: int border_color
com.yujunkang.fangxinbao.R$attr: int border_width
com.yujunkang.fangxinbao.R$attr: int buttonBackgroundColorFocused
com.yujunkang.fangxinbao.R$attr: int buttonBackgroundColorNormal
com.yujunkang.fangxinbao.R$attr: int buttonBackgroundColorPressed
com.yujunkang.fangxinbao.R$attr: int buttonSeparatorColor
com.yujunkang.fangxinbao.R$attr: int buttonText
com.yujunkang.fangxinbao.R$attr: int buttonTextColor
com.yujunkang.fangxinbao.R$attr: int classType
com.yujunkang.fangxinbao.R$attr: int connectionImage
com.yujunkang.fangxinbao.R$attr: int corner_radius
com.yujunkang.fangxinbao.R$attr: int customFormat
com.yujunkang.fangxinbao.R$attr: int customRegexp
com.yujunkang.fangxinbao.R$attr: int dayBackground
com.yujunkang.fangxinbao.R$attr: int dayTextColor
com.yujunkang.fangxinbao.R$attr: int dialogBackground
com.yujunkang.fangxinbao.R$attr: int dialogTitleTextColor
com.yujunkang.fangxinbao.R$attr: int dividerColor
com.yujunkang.fangxinbao.R$attr: int editType
com.yujunkang.fangxinbao.R$attr: int emptyAllowed
com.yujunkang.fangxinbao.R$attr: int emptyErrorString
com.yujunkang.fangxinbao.R$attr: int gradientColorOnEnd
com.yujunkang.fangxinbao.R$attr: int gradientColorOnMiddle
com.yujunkang.fangxinbao.R$attr: int gradientColorOnStart
com.yujunkang.fangxinbao.R$attr: int hSpacing
com.yujunkang.fangxinbao.R$attr: int headerTextColor
...
u.aly.d
u.aly.d: java.lang.String a
u.aly.d: java.io.File b
u.aly.d: u.aly.S c
u.aly.d: long d
u.aly.d: long e
u.aly.d: java.util.Set f
u.aly.d: d(android.content.Context)
u.aly.d: void a(u.aly.a)
u.aly.d: void a(long)
u.aly.d: void a()
u.aly.d: u.aly.S b()
u.aly.d: void g()
u.aly.d: java.lang.String c()
u.aly.d: void d()
u.aly.d: void e()
u.aly.d: void f()
u.aly.d: u.aly.S h()
u.aly.d: void a(u.aly.S)
u.aly.e
u.aly.e: java.lang.String a
u.aly.e: android.content.Context b
u.aly.e: e(android.content.Context)
u.aly.e: java.lang.String f()
u.aly.f
u.aly.f: java.lang.String a
u.aly.f: byte[] b
u.aly.f: u.aly.T c
u.aly.f: android.content.Context d
u.aly.f: void <clinit>()
u.aly.f: f(android.content.Context)
u.aly.f: java.lang.String a(u.aly.T)
u.aly.f: boolean c(u.aly.T)
u.aly.f: byte[] a(u.aly.U)
u.aly.f: void b(u.aly.T)
u.aly.f: u.aly.T a(u.aly.T,u.aly.T)
u.aly.f: u.aly.T a()
u.aly.f: void b()
u.aly.f: void c()
u.aly.f: boolean d()
u.aly.g
u.aly.g: java.lang.String a
u.aly.g: android.content.Context b
u.aly.g: g(android.content.Context)
u.aly.g: java.lang.String f()
u.aly.h
u.aly.h: u.aly.d a
u.aly.h: u.aly.f b
u.aly.h: void <clinit>()
u.aly.h: h()
u.aly.h: u.aly.d a(android.content.Context)
u.aly.h: u.aly.f b(android.content.Context)
u.aly.i
u.aly.i: java.lang.String a
u.aly.i: java.lang.String b
u.aly.i: java.util.regex.Pattern c
u.aly.i: android.content.Context d
u.aly.i: void <clinit>()
u.aly.i: i(android.content.Context)
u.aly.i: java.lang.String f()
u.aly.i: java.lang.String g()
u.aly.i: java.lang.String b(java.lang.String)
u.aly.i: java.io.File h()
u.aly.j
u.aly.j: u.aly.q a
u.aly.j: u.aly.r b
u.aly.j: com.umeng.analytics.ReportPolicy$e c
u.aly.j: com.umeng.analytics.f d
u.aly.j: u.aly.w e
u.aly.j: u.aly.d f
u.aly.j: int g
u.aly.j: android.content.Context h
u.aly.j: j(android.content.Context)
u.aly.j: void a()
u.aly.j: void a(u.aly.p)
u.aly.j: void b(u.aly.p)
u.aly.j: void b()
u.aly.j: byte[] c()
u.aly.j: u.aly.af a(byte[])
u.aly.j: byte[] a(u.aly.af)
u.aly.j: boolean a(boolean)
u.aly.j: boolean d()
u.aly.j: void e()
u.aly.j: void f()
u.aly.j: void a(int,int)
u.aly.j: void a(int,long)
u.aly.k
u.aly.k: u.aly.o a
u.aly.k: android.content.Context b
u.aly.k: u.aly.k c
u.aly.k: k(android.content.Context)
u.aly.k: u.aly.k a(android.content.Context)
u.aly.k: void a(u.aly.o)
u.aly.k: void a(com.umeng.analytics.onlineconfig.a)
u.aly.k: void a(u.aly.p)
u.aly.k: void b(u.aly.p)
u.aly.k: void a()
u.aly.k: void b()
u.aly.k: u.aly.o a(u.aly.k)
u.aly.k$1
u.aly.k$1: u.aly.k a
u.aly.k$1: u.aly.p b
u.aly.k$1: k$1(u.aly.k,u.aly.p)
u.aly.k$1: void a()
u.aly.k$2
u.aly.k$2: u.aly.k a
u.aly.k$2: k$2(u.aly.k)
u.aly.k$2: void a()
u.aly.k$3
u.aly.k$3: u.aly.k a
u.aly.k$3: k$3(u.aly.k)
u.aly.k$3: void a()
u.aly.l
u.aly.l: java.lang.String a
u.aly.l: boolean b
u.aly.l: android.content.SharedPreferences c
u.aly.l: java.util.Map d
u.aly.l: l(android.content.Context)
u.aly.l: void a(boolean)
u.aly.l: int a(java.lang.String)
u.aly.l: void a(java.lang.String,u.aly.A)
u.aly.l: u.aly.A b(java.lang.String)
u.aly.l: void c(java.lang.String)
u.aly.l: boolean d(java.lang.String)
u.aly.m
u.aly.m: java.lang.Thread$UncaughtExceptionHandler a
u.aly.m: u.aly.t b
u.aly.m: m()
u.aly.m: void a(u.aly.t)
u.aly.m: void uncaughtException(java.lang.Thread,java.lang.Throwable)
u.aly.m: void a(java.lang.Throwable)
u.aly.n
u.aly.n: int a
u.aly.n: int b
u.aly.n: u.aly.l c
u.aly.n: android.content.Context d
u.aly.n: u.aly.k e
u.aly.n: n(android.content.Context)
u.aly.n: void a(java.lang.String,java.util.Map,long)
u.aly.n: void a(java.lang.String,java.lang.String,long,int)
u.aly.n: void a(java.lang.String,java.util.Map)
u.aly.n: void a(java.lang.String,java.lang.String)
u.aly.n: void b(java.lang.String,java.lang.String)
u.aly.n: void a(java.lang.String,java.util.Map,java.lang.String)
u.aly.n: void c(java.lang.String,java.lang.String)
u.aly.n: boolean a(java.lang.String)
u.aly.n: boolean b(java.lang.String)
u.aly.n: boolean a(java.util.Map)