proguard/mapping.txt
com.yujunkang.fangxinbao.R -> com.yujunkang.fangxinbao.R:
com.yujunkang.fangxinbao.R$anim -> com.yujunkang.fangxinbao.R$anim:
    int along_the_up_arrow -> along_the_up_arrow
    int anim_righttoleft -> anim_righttoleft
    int fade_attention -> fade_attention
    int fade_visible -> fade_visible
    int loading_progress -> loading_progress
    int no_change -> no_change
    int popup_down_enter -> popup_down_enter
    int popup_down_exit -> popup_down_exit
    int popup_enter -> popup_enter
    int popup_exit -> popup_exit
    int popup_full_enter -> popup_full_enter
    int popup_full_out -> popup_full_out
    int popup_up_enter -> popup_up_enter
    int push_adown_in -> push_adown_in
    int push_adown_out -> push_adown_out
    int push_down_in -> push_down_in
    int push_down_out -> push_down_out
    int push_up_in -> push_up_in
    int push_up_in_search -> push_up_in_search
    int push_up_out -> push_up_out
    int push_up_out_search -> push_up_out_search
    int push_up_out_share -> push_up_out_share
    int scale_attention -> scale_attention
    int scan_prompt_ani_in -> scan_prompt_ani_in
    int scan_prompt_ani_out -> scan_prompt_ani_out
    int slide_in_from_bottom -> slide_in_from_bottom
    int slide_in_from_right -> slide_in_from_right
    int slide_in_from_top -> slide_in_from_top
    int slide_out_to_bottom -> slide_out_to_bottom
    int slide_out_to_left -> slide_out_to_left
    int slide_out_to_top -> slide_out_to_top
    int translate_gone_into_bottom -> translate_gone_into_bottom
com.yujunkang.fangxinbao.R$array -> com.yujunkang.fangxinbao.R$array:
    int choosephotos -> choosephotos
    int languages -> languages
com.yujunkang.fangxinbao.R$attr -> com.yujunkang.fangxinbao.R$attr:
    int backgroundImage -> backgroundImage
    int border_color -> border_color
    int border_width -> border_width
    int buttonBackgroundColorFocused -> buttonBackgroundColorFocused
    int buttonBackgroundColorNormal -> buttonBackgroundColorNormal
    int buttonBackgroundColorPressed -> buttonBackgroundColorPressed
    int buttonSeparatorColor -> buttonSeparatorColor
    int buttonText -> buttonText
    int buttonTextColor -> buttonTextColor
    int classType -> classType
    int connectionImage -> connectionImage
    int corner_radius -> corner_radius
    int customFormat -> customFormat
    int customRegexp -> customRegexp
    int dayBackground -> dayBackground
    int dayTextColor -> dayTextColor
    int dialogBackground -> dialogBackground
    int dialogTitleTextColor -> dialogTitleTextColor
    int dividerColor -> dividerColor
    int editType -> editType
    int emptyAllowed -> emptyAllowed
    int emptyErrorString -> emptyErrorString
    int gradientColorOnEnd -> gradientColorOnEnd
    int gradientColorOnMiddle -> gradientColorOnMiddle
    int gradientColorOnStart -> gradientColorOnStart
    int hSpacing -> hSpacing
    int headerTextColor -> headerTextColor
    int horizontalLineStrokeWidth -> horizontalLineStrokeWidth
    int increase -> increase
    int leftLabel -> leftLabel
    int leftTextColor -> leftTextColor
    int lefticon -> lefticon
    int lineColor -> lineColor
...
com.sina.weibo.sdk.exception.WeiboException -> com.sina.weibo.sdk.exception.WeiboException:
    long serialVersionUID -> serialVersionUID
com.sina.weibo.sdk.exception.WeiboHttpException -> com.sina.weibo.sdk.exception.WeiboHttpException:
    long serialVersionUID -> serialVersionUID
    int mStatusCode -> mStatusCode
    int getStatusCode() -> getStatusCode
com.sina.weibo.sdk.exception.WeiboShareException -> com.sina.weibo.sdk.exception.WeiboShareException:
    long serialVersionUID -> serialVersionUID
com.sina.weibo.sdk.net.AsyncWeiboRunner -> com.sina.weibo.sdk.net.AsyncWeiboRunner:
    void requestByThread(java.lang.String,com.sina.weibo.sdk.net.WeiboParameters,java.lang.String,com.sina.weibo.sdk.net.RequestListener) -> requestByThread
    java.lang.String request(java.lang.String,com.sina.weibo.sdk.net.WeiboParameters,java.lang.String) -> request
    void requestAsync(java.lang.String,com.sina.weibo.sdk.net.WeiboParameters,java.lang.String,com.sina.weibo.sdk.net.RequestListener) -> requestAsync
com.sina.weibo.sdk.net.AsyncWeiboRunner$1 -> com.sina.weibo.sdk.net.AsyncWeiboRunner$1:
    java.lang.String val$url -> val$url
    java.lang.String val$httpMethod -> val$httpMethod
    com.sina.weibo.sdk.net.WeiboParameters val$params -> val$params
    com.sina.weibo.sdk.net.RequestListener val$listener -> val$listener
    void run() -> run
com.sina.weibo.sdk.net.AsyncWeiboRunner$AsyncTaskResult -> com.sina.weibo.sdk.net.AsyncWeiboRunner$AsyncTaskResult:
    java.lang.Object result -> result
    com.sina.weibo.sdk.exception.WeiboException error -> error
    java.lang.Object getResult() -> getResult
    com.sina.weibo.sdk.exception.WeiboException getError() -> getError
com.sina.weibo.sdk.net.AsyncWeiboRunner$RequestRunner -> com.sina.weibo.sdk.net.AsyncWeiboRunner$RequestRunner:
    java.lang.String mUrl -> mUrl
    com.sina.weibo.sdk.net.WeiboParameters mParams -> mParams
    java.lang.String mHttpMethod -> mHttpMethod
    com.sina.weibo.sdk.net.RequestListener mListener -> mListener
    com.sina.weibo.sdk.net.AsyncWeiboRunner$AsyncTaskResult doInBackground(java.lang.Void[]) -> doInBackground
    void onPreExecute() -> onPreExecute
    void onPostExecute(com.sina.weibo.sdk.net.AsyncWeiboRunner$AsyncTaskResult) -> onPostExecute
    void onPostExecute(java.lang.Object) -> onPostExecute
    java.lang.Object doInBackground(java.lang.Object[]) -> doInBackground
com.sina.weibo.sdk.net.HttpManager -> com.sina.weibo.sdk.net.HttpManager:
    java.lang.String BOUNDARY -> BOUNDARY
    java.lang.String MP_BOUNDARY -> MP_BOUNDARY
    java.lang.String END_MP_BOUNDARY -> END_MP_BOUNDARY
    java.lang.String MULTIPART_FORM_DATA -> MULTIPART_FORM_DATA
    java.lang.String HTTP_METHOD_POST -> HTTP_METHOD_POST
    java.lang.String HTTP_METHOD_GET -> HTTP_METHOD_GET
    int CONNECTION_TIMEOUT -> CONNECTION_TIMEOUT
    int SOCKET_TIMEOUT -> SOCKET_TIMEOUT
    int BUFFER_SIZE -> BUFFER_SIZE
    org.apache.http.conn.ssl.SSLSocketFactory sSSLSocketFactory -> sSSLSocketFactory
    java.lang.String openUrl(java.lang.String,java.lang.String,com.sina.weibo.sdk.net.WeiboParameters) -> openUrl
    org.apache.http.HttpResponse requestHttpExecute(java.lang.String,java.lang.String,com.sina.weibo.sdk.net.WeiboParameters) -> requestHttpExecute
    org.apache.http.client.HttpClient getNewHttpClient() -> getNewHttpClient
    void buildParams(java.io.OutputStream,com.sina.weibo.sdk.net.WeiboParameters) -> buildParams
    java.lang.String readRsponse(org.apache.http.HttpResponse) -> readRsponse
    java.lang.String getBoundry() -> getBoundry
    org.apache.http.conn.ssl.SSLSocketFactory getSSLSocketFactory() -> getSSLSocketFactory