proguard/usage.txt
com.yujunkang.fangxinbao.BuildConfig
com.yujunkang.fangxinbao.R:
    10:10:public R()
com.yujunkang.fangxinbao.anim.CollapseAnimation
com.yujunkang.fangxinbao.anim.ExpandAnimation
com.yujunkang.fangxinbao.anim.ExpandCollapseAnimation:
    76:89:public static void setHeightForWrapContent(android.app.Activity,android.view.View)
com.yujunkang.fangxinbao.bluetoothlegatt.BluetoothLeService:
    private static final java.lang.String TAG
    private static final int STATE_DISCONNECTED
    private static final int STATE_CONNECTING
    private static final int STATE_CONNECTED
    public static final java.lang.String ACTION_GATT_CONNECTED
    public static final java.lang.String ACTION_GATT_DISCONNECTED
    public static final java.lang.String ACTION_GATT_SERVICES_DISCOVERED
    public static final java.lang.String ACTION_READY_FOR_READ
    public static final java.lang.String ACTION_DATA_AVAILABLE
    public static final java.lang.String ACTION_BATTERY_DATA_AVAILABLE
    public static final java.lang.String ACTION_WRITE_DATA_AVAILABLE
    public static final java.lang.String ACTION_BATTERY_DATA_UNAVAILABLE
    public static final java.lang.String INTENT_EXTRA_BATTERY_DATA
    public static final java.lang.String INTENT_EXTRA_TEMPERATURE_DATA
    public static final java.lang.String INTENT_EXTRA_DEVICE_ADDRESS
    259:260:public void setConnectionState(int)
    523:523:public android.bluetooth.BluetoothGatt getBluetoothGatt()
com.yujunkang.fangxinbao.bluetoothlegatt.BluetoothleGattAttributes:
    31:31:public BluetoothleGattAttributes()
    62:63:public static java.lang.String lookup(java.lang.String,java.lang.String)
    68:80:public static java.lang.String bytesToHexString(byte[])
com.yujunkang.fangxinbao.bluetoothlegatt.BluetoothleWrapManger:
    private static final java.lang.String TAG
    public static final long SCAN_PERIOD
    110:111:public void stopReadTemperature()
    152:152:public void resetBluetooth()
    294:295:public void stopPerformScanPeriod()
com.yujunkang.fangxinbao.bluetoothlegatt.DeviceScanActivity:
    public static final java.lang.String INTENT_EXTRA_DEVICE_ADDRESS
    public static final java.lang.String INTENT_EXTRA_LAUNCHER_TYPE
    public static final java.lang.String ACTION_CANCEL_
    public static final int REQUEST_CODE_RESCAN
    private static final int REQUEST_ENABLE_BT
com.yujunkang.fangxinbao.cache.BitmapLruCache:
    static final int DISK_CACHE_FLUSH_DELAY_SECS
    425:425:public boolean isDiskCacheEnabled()
    432:432:public boolean isMemoryCacheEnabled()
    449:449:public com.yujunkang.fangxinbao.cache.CacheableBitmapDrawable put(java.lang.String,android.graphics.Bitmap)
    629:643:public void remove(java.lang.String)
    652:655:public void trimMemory()
com.yujunkang.fangxinbao.cache.BitmapLruCache$Builder:
    static final int MEGABYTE
    static final float DEFAULT_MEMORY_CACHE_HEAP_RATIO
    static final float MAX_MEMORY_CACHE_HEAP_RATIO
    static final int DEFAULT_DISK_CACHE_MAX_SIZE_MB
    static final int DEFAULT_MEM_CACHE_MAX_SIZE_MB
    static final float DEFAULT_MEMORY_CACHE_HEAP_PERCENTAGE
    static final float MAX_MEMORY_CACHE_HEAP_PERCENTAGE
    905:906:public com.yujunkang.fangxinbao.cache.BitmapLruCache$Builder setDiskCacheMaxSize(long)
    971:977:public com.yujunkang.fangxinbao.cache.BitmapLruCache$Builder setRecyclePolicy(com.yujunkang.fangxinbao.cache.BitmapLruCache$RecyclePolicy)
com.yujunkang.fangxinbao.cache.BitmapMemoryLruCache:
    103:111:void trimMemory()
com.yujunkang.fangxinbao.cache.CacheableBitmapDrawable:
    public static final int SOURCE_UNKNOWN
    public static final int SOURCE_NEW
    public static final int SOURCE_INBITMAP
    static final java.lang.String LOG_TAG
    109:109:public int getSource()
    131:131:public synchronized boolean isBeingDisplayed()
    138:138:public synchronized boolean isReferencedByCache()
com.yujunkang.fangxinbao.cache.Constants:
    static final int UNUSED_DRAWABLE_RECYCLE_DELAY_MS
    18:18:Constants()
...
android.support.v4.widget.SearchViewCompatHoneycomb$OnQueryTextListenerCompatBridge
android.support.v4.widget.SearchViewCompatIcs
android.support.v4.widget.SearchViewCompatIcs$MySearchView
android.support.v4.widget.SimpleCursorAdapter
android.support.v4.widget.SimpleCursorAdapter$CursorToStringConverter
android.support.v4.widget.SimpleCursorAdapter$ViewBinder
android.support.v4.widget.SlidingPaneLayout:
    private static final java.lang.String TAG
    private static final int DEFAULT_OVERHANG_SIZE
    private static final int DEFAULT_FADE_COLOR
    private static final int MIN_FLING_VELOCITY
    244:245:public SlidingPaneLayout(android.content.Context)
    277:279:public void setParallaxDistance(int)
    287:287:public int getParallaxDistance()
    296:297:public void setSliderFadeColor(int)
    303:303:public int getSliderFadeColor()
    313:314:public void setCoveredFadeColor(int)
    320:320:public int getCoveredFadeColor()
    324:325:public void setPanelSlideListener(android.support.v4.widget.SlidingPaneLayout$PanelSlideListener)
    850:851:public void smoothSlideOpen()
    868:869:public void smoothSlideClosed()
    897:897:public boolean canSlide()
    1046:1047:public void setShadowDrawable(android.graphics.drawable.Drawable)
    1056:1057:public void setShadowResource(int)
    1111:1130:protected boolean canScroll(android.view.View,boolean,int,int,int)
android.support.v4.widget.SlidingPaneLayout$LayoutParams:
    1285:1286:public SlidingPaneLayout$LayoutParams(int,int)
    1297:1299:public SlidingPaneLayout$LayoutParams(android.support.v4.widget.SlidingPaneLayout$LayoutParams)
android.support.v4.widget.SlidingPaneLayout$SimplePanelSlideListener
android.support.v4.widget.SwipeProgressBar:
    private static final int COLOR1
    private static final int COLOR2
    private static final int COLOR3
    private static final int COLOR4
    private static final int ANIMATION_DURATION_MS
    private static final int FINISH_ANIMATION_DURATION_MS
    88:92:void setColorScheme(int,int,int,int)
    133:133:boolean isRunning()
android.support.v4.widget.SwipeRefreshLayout:
    private static final long RETURN_TO_ORIGINAL_POSITION_TIMEOUT
    private static final float ACCELERATE_INTERPOLATION_FACTOR
    private static final float DECELERATE_INTERPOLATION_FACTOR
    private static final float PROGRESS_BAR_HEIGHT
    private static final float MAX_SWIPE_DISTANCE_FACTOR
    private static final int REFRESH_TRIGGER_DISTANCE
    168:169:public SwipeRefreshLayout(android.content.Context)
    224:225:public void setOnRefreshListener(android.support.v4.widget.SwipeRefreshLayout$OnRefreshListener)
    268:275:public void setColorScheme(int,int,int,int)
    282:282:public boolean isRefreshing()
android.support.v4.widget.ViewDragHelper:
    private static final java.lang.String TAG
    public static final int INVALID_POINTER
    public static final int STATE_IDLE
    public static final int STATE_DRAGGING
    public static final int STATE_SETTLING
    public static final int EDGE_LEFT
    public static final int EDGE_RIGHT
    public static final int EDGE_TOP
    public static final int EDGE_BOTTOM
    public static final int EDGE_ALL
    public static final int DIRECTION_HORIZONTAL
    public static final int DIRECTION_VERTICAL
    public static final int DIRECTION_ALL
    private static final int EDGE_SIZE
    private static final int BASE_SETTLE_DURATION
    private static final int MAX_SETTLE_DURATION
    412:412:public float getMinVelocity()
    483:483:public int getActivePointerId()
    690:701:public void flingCapturedView(int,int,int,int)
    908:927:protected boolean canScroll(android.view.View,boolean,int,int,int,int)
    1331:1337:public boolean isEdgeTouched(int)
    1351:1351:public boolean isEdgeTouched(int,int)
com.google.gdata.util.common.base.Escaper